"../../../Engine/Content/EditorBlueprintResources/StandardMacros.uasset" 0
"../../../../Projects/CPEOP_4.23/Content/BP/Character/UnitComponent.uasset" 1
"../../../../Projects/CPEOP_4.23/Content/BP/Slashes/SpecialEffects.uasset" 2
"../../../../Projects/CPEOP_4.23/Content/BP/Slashes/SpEff/SlashEff.uasset" 3
"../../../../Projects/CPEOP_4.23/Content/BP/Slashes/DamageType.uasset" 4
"../../../../Projects/CPEOP_4.23/Content/BP/Slashes/Damage.uasset" 5
"../../Plugins/2D/Paper2D/Content/PlaceholderTextures/DummySpriteTexture.uasset" 6
"../../../../Projects/CPEOP_4.23/Content/BP/System/materials/2d_Mat.uasset" 7
"../../../../Projects/CPEOP_4.23/Content/BP/System/materials/2d_Mat_Mask.uasset" 8
"../../../../Projects/CPEOP_4.23/Content/BP/System/materials/2d_Mat_T.uasset" 9
"../../Plugins/2D/Paper2D/Content/DummySpriteTexture.uasset" 10
"../../Plugins/2D/Paper2D/Content/DefaultSpriteMaterial.uasset" 11
"../../Plugins/2D/Paper2D/Content/TranslucentUnlitSpriteMaterial.uasset" 12
"../../../../Projects/CPEOP_4.23/Content/Texture/Slashes/Hit/1.uasset" 13
"../../../../Projects/CPEOP_4.23/Content/Texture/Slashes/Hit/HitEff_1.uasset" 14
"../../../../Projects/CPEOP_4.23/Content/Texture/Slashes/Hit/2.uasset" 15
"../../../../Projects/CPEOP_4.23/Content/Texture/Slashes/Hit/HitEff_2.uasset" 16
"../../../../Projects/CPEOP_4.23/Content/Texture/Slashes/Hit/3.uasset" 17
"../../../../Projects/CPEOP_4.23/Content/Texture/Slashes/Hit/HitEff_3.uasset" 18
"../../../../Projects/CPEOP_4.23/Content/Texture/Slashes/Hit/4.uasset" 19
"../../../../Projects/CPEOP_4.23/Content/Texture/Slashes/Hit/HitEff_4.uasset" 20
"../../../../Projects/CPEOP_4.23/Content/Texture/Slashes/Hit/5.uasset" 21
"../../../../Projects/CPEOP_4.23/Content/Texture/Slashes/Hit/HitEff_5.uasset" 22
"../../../../Projects/CPEOP_4.23/Content/Texture/Slashes/Hit/6.uasset" 23
"../../../../Projects/CPEOP_4.23/Content/Texture/Slashes/Hit/HitEff_6.uasset" 24
"../../../../Projects/CPEOP_4.23/Content/Texture/Slashes/Hit/7.uasset" 25
"../../../../Projects/CPEOP_4.23/Content/Texture/Slashes/Hit/HitEff_7.uasset" 26
"../../../../Projects/CPEOP_4.23/Content/Texture/Slashes/Hit/8.uasset" 27
"../../../../Projects/CPEOP_4.23/Content/Texture/Slashes/Hit/HitEff_8.uasset" 28
"../../../../Projects/CPEOP_4.23/Content/Texture/Slashes/Hit/HitEff.uasset" 29
"../../../../Projects/CPEOP_4.23/Content/BP/Slashes/MasterSlash.uasset" 30
"../../../../Projects/CPEOP_4.23/Content/BP/Slashes/PlayerSL/PlayerSlash.uasset" 31
"../../../../Projects/CPEOP_4.23/Content/BP/System/materials/2d_Mat_Add.uasset" 32
"../../../../Projects/CPEOP_4.23/Content/Texture/Slashes/Heroes/Slash1.uasset" 33
"../../../../Projects/CPEOP_4.23/Content/Texture/Slashes/Heroes/Sprite/1/Slash1__10.uasset" 34
"../../../../Projects/CPEOP_4.23/Content/Texture/Slashes/Heroes/Sprite/1/Slash1__11.uasset" 35
"../../../../Projects/CPEOP_4.23/Content/Texture/Slashes/Heroes/Sprite/1/Slash1__6.uasset" 36
"../../../../Projects/CPEOP_4.23/Content/Texture/Slashes/Heroes/Sprite/1/Slash1__7.uasset" 37
"../../../../Projects/CPEOP_4.23/Content/Texture/Slashes/Heroes/Sprite/1/Slash1__8.uasset" 38
"../../../../Projects/CPEOP_4.23/Content/Texture/Slashes/Heroes/Sprite/1/Slash1__9.uasset" 39
"../../../../Projects/CPEOP_4.23/Content/Texture/Slashes/Heroes/FBook/1/Slash_01.uasset" 40
"../../../../Projects/CPEOP_4.23/Content/BP/Slashes/PlayerSL/P1/p1_A_1.uasset" 41
"../../../../Projects/CPEOP_4.23/Content/Texture/Slashes/Heroes/Sprite/1/Slash1__0.uasset" 42
"../../../../Projects/CPEOP_4.23/Content/Texture/Slashes/Heroes/Sprite/1/Slash1__1.uasset" 43
"../../../../Projects/CPEOP_4.23/Content/Texture/Slashes/Heroes/Sprite/1/Slash1__2.uasset" 44
"../../../../Projects/CPEOP_4.23/Content/Texture/Slashes/Heroes/Sprite/1/Slash1__3.uasset" 45
"../../../../Projects/CPEOP_4.23/Content/Texture/Slashes/Heroes/Sprite/1/Slash1__4.uasset" 46
"../../../../Projects/CPEOP_4.23/Content/Texture/Slashes/Heroes/FBook/1/Slash_02.uasset" 47
"../../../../Projects/CPEOP_4.23/Content/BP/Slashes/PlayerSL/P1/p1_A_2.uasset" 48
"../../../../Projects/CPEOP_4.23/Content/BP/Slashes/PlayerSL/P1/p1_A_3.uasset" 49
"../../../../Projects/CPEOP_4.23/Content/Texture/Slashes/Heroes/Sprite/1/Slash1__12.uasset" 50
"../../../../Projects/CPEOP_4.23/Content/Texture/Slashes/Heroes/Sprite/1/Slash1__13.uasset" 51
"../../../../Projects/CPEOP_4.23/Content/Texture/Slashes/Heroes/Sprite/1/Slash1__14.uasset" 52
"../../../../Projects/CPEOP_4.23/Content/Texture/Slashes/Heroes/Sprite/1/Slash1__15.uasset" 53
"../../../../Projects/CPEOP_4.23/Content/Texture/Slashes/Heroes/Sprite/1/Slash1__16.uasset" 54
"../../../../Projects/CPEOP_4.23/Content/Texture/Slashes/Heroes/Sprite/1/Slash1__17.uasset" 55
"../../../../Projects/CPEOP_4.23/Content/Texture/Slashes/Heroes/FBook/1/Slash_03.uasset" 56
"../../../../Projects/CPEOP_4.23/Content/BP/Slashes/PlayerSL/P1/p1_A_4.uasset" 57
"../../../../Projects/CPEOP_4.23/Content/Texture/Players/P1/ichigo_ball.uasset" 58
"../../../../Projects/CPEOP_4.23/Content/Texture/Players/P1/Sprite/p1_ball_0.uasset" 59
"../../../../Projects/CPEOP_4.23/Content/Texture/Players/P1/Sprite/p1_ball_1.uasset" 60
"../../../../Projects/CPEOP_4.23/Content/Texture/Players/P1/FBook/p1_ball.uasset" 61
"../../../../Projects/CPEOP_4.23/Content/BP/Slashes/PlayerSL/P1/p1_MGetsu.uasset" 62
"../../../../Projects/CPEOP_4.23/Content/Texture/Icons/BTN_001.uasset" 63
"../../../../Projects/CPEOP_4.23/Content/Texture/Icons/BTN_001D.uasset" 64
"../../../../Projects/CPEOP_4.23/Content/Texture/Icons/BTN_002.uasset" 65
"../../../../Projects/CPEOP_4.23/Content/Texture/Icons/BTN_002D.uasset" 66
"../../../../Projects/CPEOP_4.23/Content/Texture/Icons/BTN_003.uasset" 67
"../../../../Projects/CPEOP_4.23/Content/Texture/Icons/BTN_003D.uasset" 68
"../../../../Projects/CPEOP_4.23/Content/Texture/Players/P1/Ichigo_Attack.uasset" 69
"../../../../Projects/CPEOP_4.23/Content/Texture/Players/P1/Sprite/Ichigo_Attack__10.uasset" 70
"../../../../Projects/CPEOP_4.23/Content/Texture/Players/P1/Sprite/Ichigo_Attack__11.uasset" 71
"../../../../Projects/CPEOP_4.23/Content/Texture/Players/P1/Sprite/Ichigo_Attack__6.uasset" 72
"../../../../Projects/CPEOP_4.23/Content/Texture/Players/P1/Sprite/Ichigo_Attack__7.uasset" 73
"../../../../Projects/CPEOP_4.23/Content/Texture/Players/P1/Sprite/Ichigo_Attack__8.uasset" 74
"../../../../Projects/CPEOP_4.23/Content/Texture/Players/P1/Sprite/Ichigo_Attack__9.uasset" 75
"../../../../Projects/CPEOP_4.23/Content/Texture/Players/P1/FBook/p1_0_attack_1.uasset" 76
"../../../../Projects/CPEOP_4.23/Content/Texture/Players/P1/Sprite/Ichigo_Attack__1.uasset" 77
"../../../../Projects/CPEOP_4.23/Content/Texture/Players/P1/Sprite/Ichigo_Attack__2.uasset" 78
"../../../../Projects/CPEOP_4.23/Content/Texture/Players/P1/Sprite/Ichigo_Attack__3.uasset" 79
"../../../../Projects/CPEOP_4.23/Content/Texture/Players/P1/Sprite/Ichigo_Attack__4.uasset" 80
"../../../../Projects/CPEOP_4.23/Content/Texture/Players/P1/Sprite/Ichigo_Attack__5.uasset" 81
"../../../../Projects/CPEOP_4.23/Content/Texture/Players/P1/FBook/p1_0_attack_2.uasset" 82
"../../../../Projects/CPEOP_4.23/Content/Texture/Players/P1/Sprite/Ichigo_Attack__27.uasset" 83
"../../../../Projects/CPEOP_4.23/Content/Texture/Players/P1/Sprite/Ichigo_Attack__28.uasset" 84
"../../../../Projects/CPEOP_4.23/Content/Texture/Players/P1/Sprite/Ichigo_Attack__29.uasset" 85
"../../../../Projects/CPEOP_4.23/Content/Texture/Players/P1/Sprite/Ichigo_Attack__30.uasset" 86
"../../../../Projects/CPEOP_4.23/Content/Texture/Players/P1/Sprite/Ichigo_Attack__31.uasset" 87
"../../../../Projects/CPEOP_4.23/Content/Texture/Players/P1/Sprite/Ichigo_Attack__32.uasset" 88
"../../../../Projects/CPEOP_4.23/Content/Texture/Players/P1/Sprite/Ichigo_Attack__33.uasset" 89
"../../../../Projects/CPEOP_4.23/Content/Texture/Players/P1/FBook/p1_0_attack_3.uasset" 90
"../../../../Projects/CPEOP_4.23/Content/Texture/Players/P1/Sprite/Ichigo_Attack__13.uasset" 91
"../../../../Projects/CPEOP_4.23/Content/Texture/Players/P1/Sprite/Ichigo_Attack__14.uasset" 92
"../../../../Projects/CPEOP_4.23/Content/Texture/Players/P1/Sprite/Ichigo_Attack__15.uasset" 93
"../../../../Projects/CPEOP_4.23/Content/Texture/Players/P1/Sprite/Ichigo_Attack__16.uasset" 94
"../../../../Projects/CPEOP_4.23/Content/Texture/Players/P1/Sprite/Ichigo_Attack__17.uasset" 95
"../../../../Projects/CPEOP_4.23/Content/Texture/Players/P1/Sprite/Ichigo_Attack__18.uasset" 96
"../../../../Projects/CPEOP_4.23/Content/Texture/Players/P1/Sprite/Ichigo_Attack__19.uasset" 97
"../../../../Projects/CPEOP_4.23/Content/Texture/Players/P1/Sprite/Ichigo_Attack__20.uasset" 98
"../../../../Projects/CPEOP_4.23/Content/Texture/Players/P1/FBook/p1_0_attack_4.uasset" 99
"../../../../Projects/CPEOP_4.23/Content/Texture/Players/P1/Sprite/Ichigo_Attack__22.uasset" 100
"../../../../Projects/CPEOP_4.23/Content/Texture/Players/P1/Sprite/Ichigo_Attack__23.uasset" 101
"../../../../Projects/CPEOP_4.23/Content/Texture/Players/P1/Sprite/Ichigo_Attack__24.uasset" 102
"../../../../Projects/CPEOP_4.23/Content/Texture/Players/P1/Sprite/Ichigo_Attack__25.uasset" 103
"../../../../Projects/CPEOP_4.23/Content/Texture/Players/P1/Sprite/Ichigo_Attack__26.uasset" 104
"../../../../Projects/CPEOP_4.23/Content/Texture/Players/P1/FBook/p1_0_attack_5.uasset" 105
"../../../../Projects/CPEOP_4.23/Content/Texture/Players/P1/Ichigo_base.uasset" 106
"../../../../Projects/CPEOP_4.23/Content/Texture/Players/P1/Sprite/Ichigo_base__24.uasset" 107
"../../../../Projects/CPEOP_4.23/Content/Texture/Players/P1/FBook/p1_0_Guard_Air.uasset" 108
"../../../../Projects/CPEOP_4.23/Content/Texture/Players/P1/Sprite/Ichigo_base__23.uasset" 109
"../../../../Projects/CPEOP_4.23/Content/Texture/Players/P1/FBook/p1_0_Guard_Ground.uasset" 110
"../../../../Projects/CPEOP_4.23/Content/Texture/Players/P1/Sprite/Ichigo_base__20.uasset" 111
"../../../../Projects/CPEOP_4.23/Content/Texture/Players/P1/FBook/p1_0_jump.uasset" 112
"../../../../Projects/CPEOP_4.23/Content/Texture/Players/P1/Sprite/Ichigo_base__21.uasset" 113
"../../../../Projects/CPEOP_4.23/Content/Texture/Players/P1/Sprite/Ichigo_base__22.uasset" 114
"../../../../Projects/CPEOP_4.23/Content/Texture/Players/P1/FBook/p1_0_jumpdown.uasset" 115
"../../../../Projects/CPEOP_4.23/Content/Texture/Players/P1/Ichigo_Jump.uasset" 116
"../../../../Projects/CPEOP_4.23/Content/Texture/Players/P1/Sprite/Ichigo_Jump_0.uasset" 117
"../../../../Projects/CPEOP_4.23/Content/Texture/Players/P1/Sprite/Ichigo_Jump_1.uasset" 118
"../../../../Projects/CPEOP_4.23/Content/Texture/Players/P1/Sprite/Ichigo_Jump_2.uasset" 119
"../../../../Projects/CPEOP_4.23/Content/Texture/Players/P1/Sprite/Ichigo_Jump_3.uasset" 120
"../../../../Projects/CPEOP_4.23/Content/Texture/Players/P1/Sprite/Ichigo_Jump_4.uasset" 121
"../../../../Projects/CPEOP_4.23/Content/Texture/Players/P1/FBook/p1_0_jumpforward.uasset" 122
"../../../../Projects/CPEOP_4.23/Content/Texture/Players/P1/Sprite/Ichigo_base__7.uasset" 123
"../../../../Projects/CPEOP_4.23/Content/Texture/Players/P1/Sprite/Ichigo_base__9.uasset" 124
"../../../../Projects/CPEOP_4.23/Content/Texture/Players/P1/FBook/p1_0_jumpland.uasset" 125
"../../../../Projects/CPEOP_4.23/Content/Texture/Players/P1/Sprite/Ichigo_base__18.uasset" 126
"../../../../Projects/CPEOP_4.23/Content/Texture/Players/P1/Sprite/Ichigo_base__19.uasset" 127
"../../../../Projects/CPEOP_4.23/Content/Texture/Players/P1/FBook/p1_0_jumpup.uasset" 128
"../../../../Projects/CPEOP_4.23/Content/Texture/Players/P1/Sprite/Ichigo_base__0.uasset" 129
"../../../../Projects/CPEOP_4.23/Content/Texture/Players/P1/Sprite/Ichigo_base__1.uasset" 130
"../../../../Projects/CPEOP_4.23/Content/Texture/Players/P1/Sprite/Ichigo_base__2.uasset" 131
"../../../../Projects/CPEOP_4.23/Content/Texture/Players/P1/FBook/p1_0_Stand.uasset" 132
"../../../../Projects/CPEOP_4.23/Content/Texture/Players/P1/Sprite/Ichigo_base__10.uasset" 133
"../../../../Projects/CPEOP_4.23/Content/Texture/Players/P1/Sprite/Ichigo_base__11.uasset" 134
"../../../../Projects/CPEOP_4.23/Content/Texture/Players/P1/Sprite/Ichigo_base__12.uasset" 135
"../../../../Projects/CPEOP_4.23/Content/Texture/Players/P1/Sprite/Ichigo_base__13.uasset" 136
"../../../../Projects/CPEOP_4.23/Content/Texture/Players/P1/Sprite/Ichigo_base__14.uasset" 137
"../../../../Projects/CPEOP_4.23/Content/Texture/Players/P1/Sprite/Ichigo_base__15.uasset" 138
"../../../../Projects/CPEOP_4.23/Content/Texture/Players/P1/Sprite/Ichigo_base__16.uasset" 139
"../../../../Projects/CPEOP_4.23/Content/Texture/Players/P1/Sprite/Ichigo_base__17.uasset" 140
"../../../../Projects/CPEOP_4.23/Content/Texture/Players/P1/FBook/p1_0_Walk.uasset" 141
"../../../../Projects/CPEOP_4.23/Content/BP/Character/Player/p1.uasset" 142
"../../../../Projects/CPEOP_4.23/Content/BP/Character/Enemy/EnemyComponent.uasset" 143
"../../../../Projects/CPEOP_4.23/Content/BP/Slashes/EnemySL/EnemySlash.uasset" 144
"../../../../Projects/CPEOP_4.23/Content/Texture/Slashes/Enemys/En_Slash.uasset" 145
"../../../../Projects/CPEOP_4.23/Content/Texture/Slashes/Enemys/Sprite/EnSlash01.uasset" 146
"../../../../Projects/CPEOP_4.23/Content/Texture/Slashes/Enemys/Sprite/EnSlash02.uasset" 147
"../../../../Projects/CPEOP_4.23/Content/Texture/Slashes/Enemys/Sprite/EnSlash03.uasset" 148
"../../../../Projects/CPEOP_4.23/Content/Texture/Slashes/Enemys/Sprite/EnSlash04.uasset" 149
"../../../../Projects/CPEOP_4.23/Content/Texture/Slashes/Enemys/FBook/EnSlash01.uasset" 150
"../../../../Projects/CPEOP_4.23/Content/BP/Slashes/EnemySL/En1A.uasset" 151
"../../../../Projects/CPEOP_4.23/Content/Texture/Enemys/En1/hollow_1-1.uasset" 152
"../../../../Projects/CPEOP_4.23/Content/Texture/Enemys/En1/Sprite/hollow_1-1__6.uasset" 153
"../../../../Projects/CPEOP_4.23/Content/Texture/Enemys/En1/Sprite/hollow_1-1__7.uasset" 154
"../../../../Projects/CPEOP_4.23/Content/Texture/Enemys/En1/Sprite/hollow_1-1__8.uasset" 155
"../../../../Projects/CPEOP_4.23/Content/Texture/Enemys/En1/Sprite/hollow_1-1__9.uasset" 156
"../../../../Projects/CPEOP_4.23/Content/Texture/Enemys/En1/FBook/E1_1_Attack.uasset" 157
"../../../../Projects/CPEOP_4.23/Content/Texture/Enemys/En1/Sprite/hollow_1-1__10.uasset" 158
"../../../../Projects/CPEOP_4.23/Content/Texture/Enemys/En1/Sprite/hollow_1-1__11.uasset" 159
"../../../../Projects/CPEOP_4.23/Content/Texture/Enemys/En1/FBook/E1_1_Hit.uasset" 160
"../../../../Projects/CPEOP_4.23/Content/Texture/Enemys/En1/Sprite/hollow_1-1__0.uasset" 161
"../../../../Projects/CPEOP_4.23/Content/Texture/Enemys/En1/Sprite/hollow_1-1__1.uasset" 162
"../../../../Projects/CPEOP_4.23/Content/Texture/Enemys/En1/Sprite/hollow_1-1__2.uasset" 163
"../../../../Projects/CPEOP_4.23/Content/Texture/Enemys/En1/Sprite/hollow_1-1__3.uasset" 164
"../../../../Projects/CPEOP_4.23/Content/Texture/Enemys/En1/FBook/E1_1_Stand.uasset" 165
"../../../../Projects/CPEOP_4.23/Content/BP/Character/Enemy/E1.uasset" 166
"../../../../Projects/CPEOP_4.23/Content/BP/System/materials/box.uasset" 167
"../../../../Projects/CPEOP_4.23/Content/BP/System/materials/BoxMat.uasset" 168
"../../../../Projects/CPEOP_4.23/Content/BP/System/materials/Gate.uasset" 169
"../../../Engine/Content/Functions/Engine_MaterialFunctions01/Opacity/CameraDepthFade.uasset" 170
"../../../Engine/Content/EngineMaterials/T_Default_Material_Grid_M.uasset" 171
"../../../Engine/Content/EngineMaterials/T_Default_Material_Grid_N.uasset" 172
"../../../Engine/Content/EngineMaterials/WorldGridMaterial.uasset" 173
"../../../Engine/Content/BasicShapes/Plane.uasset" 174
"../../../../Projects/CPEOP_4.23/Content/BP/LevelBP/Barrier_Gate.uasset" 175
"../../../../Projects/CPEOP_4.23/Content/BP/Character/Enemy/MEnemy.uasset" 176
"../../../../Projects/CPEOP_4.23/Content/BP/System/SaveGame/HeroSlot.uasset" 177
"../../../../Projects/CPEOP_4.23/Content/BP/System/SaveGame/MySaveGame.uasset" 178
"../../../../Projects/CPEOP_4.23/Content/BP/System/GameModes.uasset" 179
"../../../../Projects/CPEOP_4.23/Content/BP/Character/Player/Skills.uasset" 180
"../../../../Projects/CPEOP_4.23/Content/Texture/UI/Touch.uasset" 181
"../../../../Projects/CPEOP_4.23/Content/BP/UI/Game/Buttons/Cursor.uasset" 182
"../../../../Projects/CPEOP_4.23/Content/BP/UI/Game/HpColor.uasset" 183
"../../../../Projects/CPEOP_4.23/Content/BP/UI/Game/HpMp.uasset" 184
"../../../../Projects/CPEOP_4.23/Content/Texture/UI/cross_1.uasset" 185
"../../../../Projects/CPEOP_4.23/Content/Texture/UI/cross_2.uasset" 186
"../../../../Projects/CPEOP_4.23/Content/Texture/UI/cross_3.uasset" 187
"../../../../Projects/CPEOP_4.23/Content/Texture/UI/FV2.uasset" 188
"../../../../Projects/CPEOP_4.23/Content/Texture/UI/S.uasset" 189
"../../../../Projects/CPEOP_4.23/Content/BP/UI/Game/Buttons/TouchScreen.uasset" 190
"../../../../Projects/CPEOP_4.23/Content/BP/UI/Game/Pause.uasset" 191
"../../../../Projects/CPEOP_4.23/Content/BP/UI/Menu/Main.uasset" 192
"../../../../Projects/CPEOP_4.23/Content/BP/UI/Menu/Characters/HeroSlot.uasset" 193
"../../../../Projects/CPEOP_4.23/Content/BP/UI/Menu/Characters/Ichi_3.uasset" 194
"../../../../Projects/CPEOP_4.23/Content/BP/UI/Menu/Characters/MCharSlot.uasset" 195
"../../../../Projects/CPEOP_4.23/Content/BP/UI/Menu/SelectCharacter.uasset" 196
"../../../../Projects/CPEOP_4.23/Content/BP/UI/Menu/Settings.uasset" 197
"../../../../Projects/CPEOP_4.23/Content/Texture/UI/Cross_F.uasset" 198
"../../../../Projects/CPEOP_4.23/Content/BP/UI/Menu/Settings_BTNPos.uasset" 199
"../../../../Projects/CPEOP_4.23/Content/BP/UI/Menu/Settings_Control.uasset" 200
"../../../../Projects/CPEOP_4.23/Content/BP/System/MyGIns.uasset" 201
"../../../../Projects/CPEOP_4.23/Content/BP/Character/Player/HeroComponent.uasset" 202
"../../../../Projects/CPEOP_4.23/Content/Texture/Slashes/Enemys/Sprite/EnSlash05.uasset" 203
"../../../../Projects/CPEOP_4.23/Content/Texture/Slashes/Enemys/Sprite/EnSlash06.uasset" 204
"../../../../Projects/CPEOP_4.23/Content/Texture/Slashes/Enemys/FBook/EnSlash02.uasset" 205
"../../../../Projects/CPEOP_4.23/Content/BP/Slashes/EnemySL/En2A.uasset" 206
"../../../../Projects/CPEOP_4.23/Content/Texture/Enemys/En1/hollow_1-2.uasset" 207
"../../../../Projects/CPEOP_4.23/Content/Texture/Enemys/En1/Sprite/hollow_1-2__3.uasset" 208
"../../../../Projects/CPEOP_4.23/Content/Texture/Enemys/En1/Sprite/hollow_1-2__6.uasset" 209
"../../../../Projects/CPEOP_4.23/Content/Texture/Enemys/En1/Sprite/hollow_1-2__7.uasset" 210
"../../../../Projects/CPEOP_4.23/Content/Texture/Enemys/En1/Sprite/hollow_1-2__8.uasset" 211
"../../../../Projects/CPEOP_4.23/Content/Texture/Enemys/En1/Sprite/hollow_1-2__9.uasset" 212
"../../../../Projects/CPEOP_4.23/Content/Texture/Enemys/En1/FBook/E1_2_Attack.uasset" 213
"../../../../Projects/CPEOP_4.23/Content/Texture/Enemys/En1/Sprite/hollow_1-2__10.uasset" 214
"../../../../Projects/CPEOP_4.23/Content/Texture/Enemys/En1/Sprite/hollow_1-2__11.uasset" 215
"../../../../Projects/CPEOP_4.23/Content/Texture/Enemys/En1/FBook/E1_2_Hit.uasset" 216
"../../../../Projects/CPEOP_4.23/Content/Texture/Enemys/En1/Sprite/hollow_1-2__0.uasset" 217
"../../../../Projects/CPEOP_4.23/Content/Texture/Enemys/En1/Sprite/hollow_1-2__1.uasset" 218
"../../../../Projects/CPEOP_4.23/Content/Texture/Enemys/En1/Sprite/hollow_1-2__2.uasset" 219
"../../../../Projects/CPEOP_4.23/Content/Texture/Enemys/En1/FBook/E1_2_Stand.uasset" 220
"../../../../Projects/CPEOP_4.23/Content/BP/Character/Enemy/E2.uasset" 221
"../../../../Projects/CPEOP_4.23/Content/Texture/Enemys/En2/hollow_2-1.uasset" 222
"../../../../Projects/CPEOP_4.23/Content/Texture/Enemys/En2/Sprite/hollow_2-1__10.uasset" 223
"../../../../Projects/CPEOP_4.23/Content/Texture/Enemys/En2/Sprite/hollow_2-1__11.uasset" 224
"../../../../Projects/CPEOP_4.23/Content/Texture/Enemys/En2/Sprite/hollow_2-1__9.uasset" 225
"../../../../Projects/CPEOP_4.23/Content/Texture/Enemys/En2/FBook/E2_1_Attack.uasset" 226
"../../../../Projects/CPEOP_4.23/Content/Texture/Enemys/En2/Sprite/hollow_2-1__12.uasset" 227
"../../../../Projects/CPEOP_4.23/Content/Texture/Enemys/En2/FBook/E2_1_Hit1.uasset" 228
"../../../../Projects/CPEOP_4.23/Content/Texture/Enemys/En2/Sprite/hollow_2-1__0.uasset" 229
"../../../../Projects/CPEOP_4.23/Content/Texture/Enemys/En2/Sprite/hollow_2-1__1.uasset" 230
"../../../../Projects/CPEOP_4.23/Content/Texture/Enemys/En2/Sprite/hollow_2-1__2.uasset" 231
"../../../../Projects/CPEOP_4.23/Content/Texture/Enemys/En2/Sprite/hollow_2-1__3.uasset" 232
"../../../../Projects/CPEOP_4.23/Content/Texture/Enemys/En2/FBook/E2_1_Stand.uasset" 233
"../../../../Projects/CPEOP_4.23/Content/Texture/Enemys/En2/Sprite/hollow_2-1__4.uasset" 234
"../../../../Projects/CPEOP_4.23/Content/Texture/Enemys/En2/Sprite/hollow_2-1__5.uasset" 235
"../../../../Projects/CPEOP_4.23/Content/Texture/Enemys/En2/Sprite/hollow_2-1__6.uasset" 236
"../../../../Projects/CPEOP_4.23/Content/Texture/Enemys/En2/Sprite/hollow_2-1__7.uasset" 237
"../../../../Projects/CPEOP_4.23/Content/Texture/Enemys/En2/Sprite/hollow_2-1__8.uasset" 238
"../../../../Projects/CPEOP_4.23/Content/Texture/Enemys/En2/FBook/E2_1_Walk.uasset" 239
"../../../../Projects/CPEOP_4.23/Content/BP/Character/Enemy/E3.uasset" 240
"../../../../Projects/CPEOP_4.23/Content/Texture/Enemys/En2/hollow_2-2.uasset" 241
"../../../../Projects/CPEOP_4.23/Content/Texture/Enemys/En2/Sprite/hollow_2-2__10.uasset" 242
"../../../../Projects/CPEOP_4.23/Content/Texture/Enemys/En2/Sprite/hollow_2-2__11.uasset" 243
"../../../../Projects/CPEOP_4.23/Content/Texture/Enemys/En2/Sprite/hollow_2-2__9.uasset" 244
"../../../../Projects/CPEOP_4.23/Content/Texture/Enemys/En2/FBook/E2_2_Attack.uasset" 245
"../../../../Projects/CPEOP_4.23/Content/Texture/Enemys/En2/Sprite/hollow_2-2__12.uasset" 246
"../../../../Projects/CPEOP_4.23/Content/Texture/Enemys/En2/FBook/E2_2_Hit1.uasset" 247
"../../../../Projects/CPEOP_4.23/Content/Texture/Enemys/En2/Sprite/hollow_2-2__0.uasset" 248
"../../../../Projects/CPEOP_4.23/Content/Texture/Enemys/En2/Sprite/hollow_2-2__1.uasset" 249
"../../../../Projects/CPEOP_4.23/Content/Texture/Enemys/En2/Sprite/hollow_2-2__2.uasset" 250
"../../../../Projects/CPEOP_4.23/Content/Texture/Enemys/En2/Sprite/hollow_2-2__3.uasset" 251
"../../../../Projects/CPEOP_4.23/Content/Texture/Enemys/En2/FBook/E2_2_Stand.uasset" 252
"../../../../Projects/CPEOP_4.23/Content/Texture/Enemys/En2/Sprite/hollow_2-2__4.uasset" 253
"../../../../Projects/CPEOP_4.23/Content/Texture/Enemys/En2/Sprite/hollow_2-2__5.uasset" 254
"../../../../Projects/CPEOP_4.23/Content/Texture/Enemys/En2/Sprite/hollow_2-2__6.uasset" 255
"../../../../Projects/CPEOP_4.23/Content/Texture/Enemys/En2/Sprite/hollow_2-2__7.uasset" 256
"../../../../Projects/CPEOP_4.23/Content/Texture/Enemys/En2/Sprite/hollow_2-2__8.uasset" 257
"../../../../Projects/CPEOP_4.23/Content/Texture/Enemys/En2/FBook/E2_2_Walk.uasset" 258
"../../../../Projects/CPEOP_4.23/Content/BP/Character/Enemy/E4.uasset" 259
"../../../../Projects/CPEOP_4.23/Content/BP/LevelBP/EnSpawner.uasset" 260
"../../../../Projects/CPEOP_4.23/Content/BP/LevelBP/Land_M.uasset" 261
"../../../../Projects/CPEOP_4.23/Content/BP/System/MyPController.uasset" 262
"../../../../Projects/CPEOP_4.23/Content/Texture/UI/ProgressBar.uasset" 263
"../../../../Projects/CPEOP_4.23/Content/Texture/UI/ProgressBar_Bg.uasset" 264
"../../../../Projects/CPEOP_4.23/Content/BP/UI/Game/LevelProgress.uasset" 265
"../../../../Projects/CPEOP_4.23/Content/BP/System/MyGMode.uasset" 266
"../../../../Projects/CPEOP_4.23/Content/BP/System/MyF.uasset" 267
"../../../Engine/Content/Functions/Engine_MaterialFunctions01/Density/ExponentialDensity.uasset" 268
"../../../Engine/Content/Functions/Engine_MaterialFunctions01/Gradient/RadialGradientExponential.uasset" 269
"../../../../Projects/CPEOP_4.23/Content/BP/System/materials/Shadow.uasset" 270
"../../../../Projects/CPEOP_4.23/Content/BP/UI/FloatingText/FText.uasset" 271
"../../../../Projects/CPEOP_4.23/Content/Texture/Players/Shadow.uasset" 272
"../../../../Projects/CPEOP_4.23/Content/Texture/Shadow_Sprite.uasset" 273
"../../../../Projects/CPEOP_4.23/Content/BP/Character/Unit.uasset" 274
"../../../../Projects/CPEOP_4.23/Content/BP/UI/Game/St_Ar.uasset" 275
"../../../../Projects/CPEOP_4.23/Content/BP/Character/Player/MPlayer.uasset" 276
"../../../../Projects/CPEOP_4.23/Content/BP/Character/Player/p2.uasset" 277
"../../../../Projects/CPEOP_4.23/Content/BP/Character/Player/p3.uasset" 278
"../../../../Projects/CPEOP_4.23/Content/Texture/Special/SpecialEff_1.uasset" 279
"../../../../Projects/CPEOP_4.23/Content/Texture/Special/Sprite/1/SpecialEff_1__0.uasset" 280
"../../../../Projects/CPEOP_4.23/Content/Texture/Special/Sprite/1/SpecialEff_1__1.uasset" 281
"../../../../Projects/CPEOP_4.23/Content/Texture/Special/Sprite/1/SpecialEff_1__2.uasset" 282
"../../../../Projects/CPEOP_4.23/Content/Texture/Special/Sprite/1/SpecialEff_1__3.uasset" 283
"../../../../Projects/CPEOP_4.23/Content/Texture/Special/Sprite/1/SpecialEff_1__4.uasset" 284
"../../../../Projects/CPEOP_4.23/Content/Texture/Special/Sprite/1/SpecialEff_1__5.uasset" 285
"../../../../Projects/CPEOP_4.23/Content/Texture/Special/Sprite/1/SpecialEff_1__6.uasset" 286
"../../../../Projects/CPEOP_4.23/Content/Texture/Special/Sprite/1/SpecialEff_1__7.uasset" 287
"../../../../Projects/CPEOP_4.23/Content/Texture/Special/FBook/SpEff_1.uasset" 288
"../../../../Projects/CPEOP_4.23/Content/BP/Slashes/SpEff/PowEff_1.uasset" 289
"../../../../Projects/CPEOP_4.23/Content/BP/System/MacroLib.uasset" 290
"../../../Engine/Content/MobileResources/HUD/VirtualJoystick_Background.uasset" 291
"../../../Engine/Content/MobileResources/HUD/VirtualJoystick_Thumb.uasset" 292
"../../../../Projects/CPEOP_4.23/Content/BP/System/Input/MyJoystick.uasset" 293
"../../../../Projects/CPEOP_4.23/Content/BP/UI/Game/RunnerController.uasset" 294
"../../../../Projects/CPEOP_4.23/Content/BP/UI/Menu/Title_3.uasset" 295
"../../../../Projects/CPEOP_4.23/Content/BP/UI/Menu/Characters/Ichi_1.uasset" 296
"../../../../Projects/CPEOP_4.23/Content/BP/UI/Menu/Characters/Ichi_2.uasset" 297
"../../../../Projects/CPEOP_4.23/Content/BP/System/materials/NewShadow.uasset" 298
"../../../../Projects/CPEOP_4.23/Content/Particles/Main.uasset" 299
"../../../../Projects/CPEOP_4.23/Content/Particles/MainParticle.uasset" 300
"../../../../Projects/CPEOP_4.23/Content/Texture/Enemys/En1/Sprite/hollow_1-1__12.uasset" 301
"../../../../Projects/CPEOP_4.23/Content/Texture/Enemys/En1/Sprite/hollow_1-1__13.uasset" 302
"../../../../Projects/CPEOP_4.23/Content/Texture/Enemys/En1/Sprite/hollow_1-1__14.uasset" 303
"../../../../Projects/CPEOP_4.23/Content/Texture/Enemys/En1/Sprite/hollow_1-1__15.uasset" 304
"../../../../Projects/CPEOP_4.23/Content/Texture/Enemys/En1/Sprite/hollow_1-1__16.uasset" 305
"../../../../Projects/CPEOP_4.23/Content/Texture/Enemys/En1/Sprite/hollow_1-1__17.uasset" 306
"../../../../Projects/CPEOP_4.23/Content/Texture/Enemys/En1/Sprite/hollow_1-1__18.uasset" 307
"../../../../Projects/CPEOP_4.23/Content/Texture/Enemys/En1/Sprite/hollow_1-1__19.uasset" 308
"../../../../Projects/CPEOP_4.23/Content/Texture/Enemys/En1/Sprite/hollow_1-1__4.uasset" 309
"../../../../Projects/CPEOP_4.23/Content/Texture/Enemys/En1/Sprite/hollow_1-1__5.uasset" 310
"../../../../Projects/CPEOP_4.23/Content/Texture/Enemys/En1/Sprite/hollow_1-2__12.uasset" 311
"../../../../Projects/CPEOP_4.23/Content/Texture/Enemys/En1/Sprite/hollow_1-2__13.uasset" 312
"../../../../Projects/CPEOP_4.23/Content/Texture/Enemys/En1/Sprite/hollow_1-2__14.uasset" 313
"../../../../Projects/CPEOP_4.23/Content/Texture/Enemys/En1/Sprite/hollow_1-2__15.uasset" 314
"../../../../Projects/CPEOP_4.23/Content/Texture/Enemys/En1/Sprite/hollow_1-2__16.uasset" 315
"../../../../Projects/CPEOP_4.23/Content/Texture/Enemys/En1/Sprite/hollow_1-2__17.uasset" 316
"../../../../Projects/CPEOP_4.23/Content/Texture/Enemys/En1/Sprite/hollow_1-2__18.uasset" 317
"../../../../Projects/CPEOP_4.23/Content/Texture/Enemys/En1/Sprite/hollow_1-2__19.uasset" 318
"../../../../Projects/CPEOP_4.23/Content/Texture/Enemys/En1/Sprite/hollow_1-2__4.uasset" 319
"../../../../Projects/CPEOP_4.23/Content/Texture/Enemys/En1/Sprite/hollow_1-2__5.uasset" 320
"../../../../Projects/CPEOP_4.23/Content/Texture/Enemys/En1/Sprite/hollow_1-3.uasset" 321
"../../../../Projects/CPEOP_4.23/Content/Texture/Enemys/En1/Sprite/hollow_1-4.uasset" 322
"../../../../Projects/CPEOP_4.23/Content/Texture/Enemys/En1/hollow_1-4.uasset" 323
"../../../../Projects/CPEOP_4.23/Content/Texture/Enemys/En1/Sprite/hollow_1-4__0.uasset" 324
"../../../../Projects/CPEOP_4.23/Content/Texture/Enemys/En1/Sprite/hollow_1-4__1.uasset" 325
"../../../../Projects/CPEOP_4.23/Content/Texture/Enemys/En1/Sprite/hollow_1-4__10.uasset" 326
"../../../../Projects/CPEOP_4.23/Content/Texture/Enemys/En1/Sprite/hollow_1-4__11.uasset" 327
"../../../../Projects/CPEOP_4.23/Content/Texture/Enemys/En1/Sprite/hollow_1-4__12.uasset" 328
"../../../../Projects/CPEOP_4.23/Content/Texture/Enemys/En1/Sprite/hollow_1-4__13.uasset" 329
"../../../../Projects/CPEOP_4.23/Content/Texture/Enemys/En1/Sprite/hollow_1-4__14.uasset" 330
"../../../../Projects/CPEOP_4.23/Content/Texture/Enemys/En1/Sprite/hollow_1-4__15.uasset" 331
"../../../../Projects/CPEOP_4.23/Content/Texture/Enemys/En1/Sprite/hollow_1-4__16.uasset" 332
"../../../../Projects/CPEOP_4.23/Content/Texture/Enemys/En1/Sprite/hollow_1-4__17.uasset" 333
"../../../../Projects/CPEOP_4.23/Content/Texture/Enemys/En1/Sprite/hollow_1-4__18.uasset" 334
"../../../../Projects/CPEOP_4.23/Content/Texture/Enemys/En1/Sprite/hollow_1-4__19.uasset" 335
"../../../../Projects/CPEOP_4.23/Content/Texture/Enemys/En1/Sprite/hollow_1-4__2.uasset" 336
"../../../../Projects/CPEOP_4.23/Content/Texture/Enemys/En1/Sprite/hollow_1-4__3.uasset" 337
"../../../../Projects/CPEOP_4.23/Content/Texture/Enemys/En1/Sprite/hollow_1-4__4.uasset" 338
"../../../../Projects/CPEOP_4.23/Content/Texture/Enemys/En1/Sprite/hollow_1-4__5.uasset" 339
"../../../../Projects/CPEOP_4.23/Content/Texture/Enemys/En1/Sprite/hollow_1-4__6.uasset" 340
"../../../../Projects/CPEOP_4.23/Content/Texture/Enemys/En1/Sprite/hollow_1-4__7.uasset" 341
"../../../../Projects/CPEOP_4.23/Content/Texture/Enemys/En1/Sprite/hollow_1-4__8.uasset" 342
"../../../../Projects/CPEOP_4.23/Content/Texture/Enemys/En1/Sprite/hollow_1-4__9.uasset" 343
"../../../../Projects/CPEOP_4.23/Content/Texture/Enemys/En2/Sprite/hollow_2-1__13.uasset" 344
"../../../../Projects/CPEOP_4.23/Content/Texture/Enemys/En2/FBook/E2_1_Hit2.uasset" 345
"../../../../Projects/CPEOP_4.23/Content/Texture/Enemys/En2/Sprite/hollow_2-2__13.uasset" 346
"../../../../Projects/CPEOP_4.23/Content/Texture/Enemys/En2/FBook/E2_2_Hit2.uasset" 347
"../../../../Projects/CPEOP_4.23/Content/Texture/Enemys/En2/hollow_2-3.uasset" 348
"../../../../Projects/CPEOP_4.23/Content/Texture/Enemys/En2/Sprite/hollow_2-3__0.uasset" 349
"../../../../Projects/CPEOP_4.23/Content/Texture/Enemys/En2/Sprite/hollow_2-3__1.uasset" 350
"../../../../Projects/CPEOP_4.23/Content/Texture/Enemys/En2/Sprite/hollow_2-3__10.uasset" 351
"../../../../Projects/CPEOP_4.23/Content/Texture/Enemys/En2/Sprite/hollow_2-3__11.uasset" 352
"../../../../Projects/CPEOP_4.23/Content/Texture/Enemys/En2/Sprite/hollow_2-3__12.uasset" 353
"../../../../Projects/CPEOP_4.23/Content/Texture/Enemys/En2/Sprite/hollow_2-3__13.uasset" 354
"../../../../Projects/CPEOP_4.23/Content/Texture/Enemys/En2/Sprite/hollow_2-3__2.uasset" 355
"../../../../Projects/CPEOP_4.23/Content/Texture/Enemys/En2/Sprite/hollow_2-3__3.uasset" 356
"../../../../Projects/CPEOP_4.23/Content/Texture/Enemys/En2/Sprite/hollow_2-3__4.uasset" 357
"../../../../Projects/CPEOP_4.23/Content/Texture/Enemys/En2/Sprite/hollow_2-3__5.uasset" 358
"../../../../Projects/CPEOP_4.23/Content/Texture/Enemys/En2/Sprite/hollow_2-3__6.uasset" 359
"../../../../Projects/CPEOP_4.23/Content/Texture/Enemys/En2/Sprite/hollow_2-3__7.uasset" 360
"../../../../Projects/CPEOP_4.23/Content/Texture/Enemys/En2/Sprite/hollow_2-3__8.uasset" 361
"../../../../Projects/CPEOP_4.23/Content/Texture/Enemys/En2/Sprite/hollow_2-3__9.uasset" 362
"../../../../Projects/CPEOP_4.23/Content/Texture/Enemys/En2/hollow_2-4.uasset" 363
"../../../../Projects/CPEOP_4.23/Content/Texture/Enemys/En2/Sprite/hollow_2-4__0.uasset" 364
"../../../../Projects/CPEOP_4.23/Content/Texture/Enemys/En2/Sprite/hollow_2-4__1.uasset" 365
"../../../../Projects/CPEOP_4.23/Content/Texture/Enemys/En2/Sprite/hollow_2-4__10.uasset" 366
"../../../../Projects/CPEOP_4.23/Content/Texture/Enemys/En2/Sprite/hollow_2-4__11.uasset" 367
"../../../../Projects/CPEOP_4.23/Content/Texture/Enemys/En2/Sprite/hollow_2-4__12.uasset" 368
"../../../../Projects/CPEOP_4.23/Content/Texture/Enemys/En2/Sprite/hollow_2-4__13.uasset" 369
"../../../../Projects/CPEOP_4.23/Content/Texture/Enemys/En2/Sprite/hollow_2-4__2.uasset" 370
"../../../../Projects/CPEOP_4.23/Content/Texture/Enemys/En2/Sprite/hollow_2-4__3.uasset" 371
"../../../../Projects/CPEOP_4.23/Content/Texture/Enemys/En2/Sprite/hollow_2-4__4.uasset" 372
"../../../../Projects/CPEOP_4.23/Content/Texture/Enemys/En2/Sprite/hollow_2-4__5.uasset" 373
"../../../../Projects/CPEOP_4.23/Content/Texture/Enemys/En2/Sprite/hollow_2-4__6.uasset" 374
"../../../../Projects/CPEOP_4.23/Content/Texture/Enemys/En2/Sprite/hollow_2-4__7.uasset" 375
"../../../../Projects/CPEOP_4.23/Content/Texture/Enemys/En2/Sprite/hollow_2-4__8.uasset" 376
"../../../../Projects/CPEOP_4.23/Content/Texture/Enemys/En2/Sprite/hollow_2-4__9.uasset" 377
"../../../../Projects/CPEOP_4.23/Content/Texture/Enemys/En3/hollow_3-1.uasset" 378
"../../../../Projects/CPEOP_4.23/Content/Texture/Enemys/En3/Sprite/hollow_3-1__15.uasset" 379
"../../../../Projects/CPEOP_4.23/Content/Texture/Enemys/En3/Sprite/hollow_3-1__16.uasset" 380
"../../../../Projects/CPEOP_4.23/Content/Texture/Enemys/En3/Sprite/hollow_3-1__17.uasset" 381
"../../../../Projects/CPEOP_4.23/Content/Texture/Enemys/En3/Sprite/hollow_3-1__18.uasset" 382
"../../../../Projects/CPEOP_4.23/Content/Texture/Enemys/En3/FBook/E3_1_Attack.uasset" 383
"../../../../Projects/CPEOP_4.23/Content/Texture/Enemys/En3/Sprite/hollow_3-1__5.uasset" 384
"../../../../Projects/CPEOP_4.23/Content/Texture/Enemys/En3/Sprite/hollow_3-1__6.uasset" 385
"../../../../Projects/CPEOP_4.23/Content/Texture/Enemys/En3/Sprite/hollow_3-1__7.uasset" 386
"../../../../Projects/CPEOP_4.23/Content/Texture/Enemys/En3/Sprite/hollow_3-1__8.uasset" 387
"../../../../Projects/CPEOP_4.23/Content/Texture/Enemys/En3/Sprite/hollow_3-1__9.uasset" 388
"../../../../Projects/CPEOP_4.23/Content/Texture/Enemys/En3/FBook/E3_1_Flying.uasset" 389
"../../../../Projects/CPEOP_4.23/Content/Texture/Enemys/En3/Sprite/hollow_3-1__14.uasset" 390
"../../../../Projects/CPEOP_4.23/Content/Texture/Enemys/En3/FBook/E3_1_Hit1.uasset" 391
"../../../../Projects/CPEOP_4.23/Content/Texture/Enemys/En3/Sprite/hollow_3-1__13.uasset" 392
"../../../../Projects/CPEOP_4.23/Content/Texture/Enemys/En3/FBook/E3_1_Hit2.uasset" 393
"../../../../Projects/CPEOP_4.23/Content/Texture/Enemys/En3/Sprite/hollow_3-1__0.uasset" 394
"../../../../Projects/CPEOP_4.23/Content/Texture/Enemys/En3/Sprite/hollow_3-1__1.uasset" 395
"../../../../Projects/CPEOP_4.23/Content/Texture/Enemys/En3/Sprite/hollow_3-1__2.uasset" 396
"../../../../Projects/CPEOP_4.23/Content/Texture/Enemys/En3/Sprite/hollow_3-1__3.uasset" 397
"../../../../Projects/CPEOP_4.23/Content/Texture/Enemys/En3/Sprite/hollow_3-1__4.uasset" 398
"../../../../Projects/CPEOP_4.23/Content/Texture/Enemys/En3/FBook/E3_1_Stand.uasset" 399
"../../../../Projects/CPEOP_4.23/Content/Texture/Enemys/En3/Sprite/hollow_3-1__10.uasset" 400
"../../../../Projects/CPEOP_4.23/Content/Texture/Enemys/En3/Sprite/hollow_3-1__11.uasset" 401
"../../../../Projects/CPEOP_4.23/Content/Texture/Enemys/En3/Sprite/hollow_3-1__12.uasset" 402
"../../../../Projects/CPEOP_4.23/Content/Texture/Enemys/En3/Sprite/hollow_3-1__19.uasset" 403
"../../../../Projects/CPEOP_4.23/Content/Texture/Enemys/En3/Sprite/hollow_3-1__20.uasset" 404
"../../../../Projects/CPEOP_4.23/Content/Texture/Enemys/En3/Sprite/hollow_3-1__21.uasset" 405
"../../../../Projects/CPEOP_4.23/Content/Texture/Enemys/En3/Sprite/hollow_3-1__22.uasset" 406
"../../../../Projects/CPEOP_4.23/Content/Texture/Enemys/En3/hollow_3-2.uasset" 407
"../../../../Projects/CPEOP_4.23/Content/Texture/Enemys/En3/Sprite/hollow_3-2__0.uasset" 408
"../../../../Projects/CPEOP_4.23/Content/Texture/Enemys/En3/Sprite/hollow_3-2__1.uasset" 409
"../../../../Projects/CPEOP_4.23/Content/Texture/Enemys/En3/Sprite/hollow_3-2__10.uasset" 410
"../../../../Projects/CPEOP_4.23/Content/Texture/Enemys/En3/Sprite/hollow_3-2__11.uasset" 411
"../../../../Projects/CPEOP_4.23/Content/Texture/Enemys/En3/Sprite/hollow_3-2__12.uasset" 412
"../../../../Projects/CPEOP_4.23/Content/Texture/Enemys/En3/Sprite/hollow_3-2__13.uasset" 413
"../../../../Projects/CPEOP_4.23/Content/Texture/Enemys/En3/Sprite/hollow_3-2__14.uasset" 414
"../../../../Projects/CPEOP_4.23/Content/Texture/Enemys/En3/Sprite/hollow_3-2__15.uasset" 415
"../../../../Projects/CPEOP_4.23/Content/Texture/Enemys/En3/Sprite/hollow_3-2__16.uasset" 416
"../../../../Projects/CPEOP_4.23/Content/Texture/Enemys/En3/Sprite/hollow_3-2__17.uasset" 417
"../../../../Projects/CPEOP_4.23/Content/Texture/Enemys/En3/Sprite/hollow_3-2__18.uasset" 418
"../../../../Projects/CPEOP_4.23/Content/Texture/Enemys/En3/Sprite/hollow_3-2__19.uasset" 419
"../../../../Projects/CPEOP_4.23/Content/Texture/Enemys/En3/Sprite/hollow_3-2__2.uasset" 420
"../../../../Projects/CPEOP_4.23/Content/Texture/Enemys/En3/Sprite/hollow_3-2__20.uasset" 421
"../../../../Projects/CPEOP_4.23/Content/Texture/Enemys/En3/Sprite/hollow_3-2__21.uasset" 422
"../../../../Projects/CPEOP_4.23/Content/Texture/Enemys/En3/Sprite/hollow_3-2__22.uasset" 423
"../../../../Projects/CPEOP_4.23/Content/Texture/Enemys/En3/Sprite/hollow_3-2__3.uasset" 424
"../../../../Projects/CPEOP_4.23/Content/Texture/Enemys/En3/Sprite/hollow_3-2__4.uasset" 425
"../../../../Projects/CPEOP_4.23/Content/Texture/Enemys/En3/Sprite/hollow_3-2__5.uasset" 426
"../../../../Projects/CPEOP_4.23/Content/Texture/Enemys/En3/Sprite/hollow_3-2__6.uasset" 427
"../../../../Projects/CPEOP_4.23/Content/Texture/Enemys/En3/Sprite/hollow_3-2__7.uasset" 428
"../../../../Projects/CPEOP_4.23/Content/Texture/Enemys/En3/Sprite/hollow_3-2__8.uasset" 429
"../../../../Projects/CPEOP_4.23/Content/Texture/Enemys/En3/Sprite/hollow_3-2__9.uasset" 430
"../../../../Projects/CPEOP_4.23/Content/Texture/Enemys/En3/hollow_3-3.uasset" 431
"../../../../Projects/CPEOP_4.23/Content/Texture/Enemys/En3/Sprite/hollow_3-3__0.uasset" 432
"../../../../Projects/CPEOP_4.23/Content/Texture/Enemys/En3/Sprite/hollow_3-3__1.uasset" 433
"../../../../Projects/CPEOP_4.23/Content/Texture/Enemys/En3/Sprite/hollow_3-3__10.uasset" 434
"../../../../Projects/CPEOP_4.23/Content/Texture/Enemys/En3/Sprite/hollow_3-3__11.uasset" 435
"../../../../Projects/CPEOP_4.23/Content/Texture/Enemys/En3/Sprite/hollow_3-3__12.uasset" 436
"../../../../Projects/CPEOP_4.23/Content/Texture/Enemys/En3/Sprite/hollow_3-3__13.uasset" 437
"../../../../Projects/CPEOP_4.23/Content/Texture/Enemys/En3/Sprite/hollow_3-3__14.uasset" 438
"../../../../Projects/CPEOP_4.23/Content/Texture/Enemys/En3/Sprite/hollow_3-3__15.uasset" 439
"../../../../Projects/CPEOP_4.23/Content/Texture/Enemys/En3/Sprite/hollow_3-3__16.uasset" 440
"../../../../Projects/CPEOP_4.23/Content/Texture/Enemys/En3/Sprite/hollow_3-3__17.uasset" 441
"../../../../Projects/CPEOP_4.23/Content/Texture/Enemys/En3/Sprite/hollow_3-3__18.uasset" 442
"../../../../Projects/CPEOP_4.23/Content/Texture/Enemys/En3/Sprite/hollow_3-3__19.uasset" 443
"../../../../Projects/CPEOP_4.23/Content/Texture/Enemys/En3/Sprite/hollow_3-3__2.uasset" 444
"../../../../Projects/CPEOP_4.23/Content/Texture/Enemys/En3/Sprite/hollow_3-3__20.uasset" 445
"../../../../Projects/CPEOP_4.23/Content/Texture/Enemys/En3/Sprite/hollow_3-3__21.uasset" 446
"../../../../Projects/CPEOP_4.23/Content/Texture/Enemys/En3/Sprite/hollow_3-3__22.uasset" 447
"../../../../Projects/CPEOP_4.23/Content/Texture/Enemys/En3/Sprite/hollow_3-3__3.uasset" 448
"../../../../Projects/CPEOP_4.23/Content/Texture/Enemys/En3/Sprite/hollow_3-3__4.uasset" 449
"../../../../Projects/CPEOP_4.23/Content/Texture/Enemys/En3/Sprite/hollow_3-3__5.uasset" 450
"../../../../Projects/CPEOP_4.23/Content/Texture/Enemys/En3/Sprite/hollow_3-3__6.uasset" 451
"../../../../Projects/CPEOP_4.23/Content/Texture/Enemys/En3/Sprite/hollow_3-3__7.uasset" 452
"../../../../Projects/CPEOP_4.23/Content/Texture/Enemys/En3/Sprite/hollow_3-3__8.uasset" 453
"../../../../Projects/CPEOP_4.23/Content/Texture/Enemys/En3/Sprite/hollow_3-3__9.uasset" 454
"../../../../Projects/CPEOP_4.23/Content/Texture/Enemys/En3/hollow_3-4.uasset" 455
"../../../../Projects/CPEOP_4.23/Content/Texture/Enemys/En3/Sprite/hollow_3-4__0.uasset" 456
"../../../../Projects/CPEOP_4.23/Content/Texture/Enemys/En3/Sprite/hollow_3-4__1.uasset" 457
"../../../../Projects/CPEOP_4.23/Content/Texture/Enemys/En3/Sprite/hollow_3-4__10.uasset" 458
"../../../../Projects/CPEOP_4.23/Content/Texture/Enemys/En3/Sprite/hollow_3-4__11.uasset" 459
"../../../../Projects/CPEOP_4.23/Content/Texture/Enemys/En3/Sprite/hollow_3-4__12.uasset" 460
"../../../../Projects/CPEOP_4.23/Content/Texture/Enemys/En3/Sprite/hollow_3-4__13.uasset" 461
"../../../../Projects/CPEOP_4.23/Content/Texture/Enemys/En3/Sprite/hollow_3-4__14.uasset" 462
"../../../../Projects/CPEOP_4.23/Content/Texture/Enemys/En3/Sprite/hollow_3-4__15.uasset" 463
"../../../../Projects/CPEOP_4.23/Content/Texture/Enemys/En3/Sprite/hollow_3-4__16.uasset" 464
"../../../../Projects/CPEOP_4.23/Content/Texture/Enemys/En3/Sprite/hollow_3-4__17.uasset" 465
"../../../../Projects/CPEOP_4.23/Content/Texture/Enemys/En3/Sprite/hollow_3-4__18.uasset" 466
"../../../../Projects/CPEOP_4.23/Content/Texture/Enemys/En3/Sprite/hollow_3-4__19.uasset" 467
"../../../../Projects/CPEOP_4.23/Content/Texture/Enemys/En3/Sprite/hollow_3-4__2.uasset" 468
"../../../../Projects/CPEOP_4.23/Content/Texture/Enemys/En3/Sprite/hollow_3-4__20.uasset" 469
"../../../../Projects/CPEOP_4.23/Content/Texture/Enemys/En3/Sprite/hollow_3-4__21.uasset" 470
"../../../../Projects/CPEOP_4.23/Content/Texture/Enemys/En3/Sprite/hollow_3-4__22.uasset" 471
"../../../../Projects/CPEOP_4.23/Content/Texture/Enemys/En3/Sprite/hollow_3-4__3.uasset" 472
"../../../../Projects/CPEOP_4.23/Content/Texture/Enemys/En3/Sprite/hollow_3-4__4.uasset" 473
"../../../../Projects/CPEOP_4.23/Content/Texture/Enemys/En3/Sprite/hollow_3-4__5.uasset" 474
"../../../../Projects/CPEOP_4.23/Content/Texture/Enemys/En3/Sprite/hollow_3-4__6.uasset" 475
"../../../../Projects/CPEOP_4.23/Content/Texture/Enemys/En3/Sprite/hollow_3-4__7.uasset" 476
"../../../../Projects/CPEOP_4.23/Content/Texture/Enemys/En3/Sprite/hollow_3-4__8.uasset" 477
"../../../../Projects/CPEOP_4.23/Content/Texture/Enemys/En3/Sprite/hollow_3-4__9.uasset" 478
"../../../../Projects/CPEOP_4.23/Content/Texture/Enemys/En4/hollow_4.uasset" 479
"../../../../Projects/CPEOP_4.23/Content/Texture/Enemys/En4/sprite/hollow_4__0.uasset" 480
"../../../../Projects/CPEOP_4.23/Content/Texture/Enemys/En4/sprite/hollow_4__1.uasset" 481
"../../../../Projects/CPEOP_4.23/Content/Texture/Enemys/En4/sprite/hollow_4__10.uasset" 482
"../../../../Projects/CPEOP_4.23/Content/Texture/Enemys/En4/sprite/hollow_4__11.uasset" 483
"../../../../Projects/CPEOP_4.23/Content/Texture/Enemys/En4/sprite/hollow_4__12.uasset" 484
"../../../../Projects/CPEOP_4.23/Content/Texture/Enemys/En4/sprite/hollow_4__13.uasset" 485
"../../../../Projects/CPEOP_4.23/Content/Texture/Enemys/En4/sprite/hollow_4__14.uasset" 486
"../../../../Projects/CPEOP_4.23/Content/Texture/Enemys/En4/sprite/hollow_4__15.uasset" 487
"../../../../Projects/CPEOP_4.23/Content/Texture/Enemys/En4/sprite/hollow_4__16.uasset" 488
"../../../../Projects/CPEOP_4.23/Content/Texture/Enemys/En4/sprite/hollow_4__17.uasset" 489
"../../../../Projects/CPEOP_4.23/Content/Texture/Enemys/En4/sprite/hollow_4__18.uasset" 490
"../../../../Projects/CPEOP_4.23/Content/Texture/Enemys/En4/sprite/hollow_4__19.uasset" 491
"../../../../Projects/CPEOP_4.23/Content/Texture/Enemys/En4/sprite/hollow_4__2.uasset" 492
"../../../../Projects/CPEOP_4.23/Content/Texture/Enemys/En4/sprite/hollow_4__20.uasset" 493
"../../../../Projects/CPEOP_4.23/Content/Texture/Enemys/En4/sprite/hollow_4__21.uasset" 494
"../../../../Projects/CPEOP_4.23/Content/Texture/Enemys/En4/sprite/hollow_4__22.uasset" 495
"../../../../Projects/CPEOP_4.23/Content/Texture/Enemys/En4/sprite/hollow_4__23.uasset" 496
"../../../../Projects/CPEOP_4.23/Content/Texture/Enemys/En4/sprite/hollow_4__24.uasset" 497
"../../../../Projects/CPEOP_4.23/Content/Texture/Enemys/En4/sprite/hollow_4__25.uasset" 498
"../../../../Projects/CPEOP_4.23/Content/Texture/Enemys/En4/sprite/hollow_4__26.uasset" 499
"../../../../Projects/CPEOP_4.23/Content/Texture/Enemys/En4/sprite/hollow_4__27.uasset" 500
"../../../../Projects/CPEOP_4.23/Content/Texture/Enemys/En4/sprite/hollow_4__28.uasset" 501
"../../../../Projects/CPEOP_4.23/Content/Texture/Enemys/En4/sprite/hollow_4__29.uasset" 502
"../../../../Projects/CPEOP_4.23/Content/Texture/Enemys/En4/sprite/hollow_4__3.uasset" 503
"../../../../Projects/CPEOP_4.23/Content/Texture/Enemys/En4/sprite/hollow_4__30.uasset" 504
"../../../../Projects/CPEOP_4.23/Content/Texture/Enemys/En4/sprite/hollow_4__31.uasset" 505
"../../../../Projects/CPEOP_4.23/Content/Texture/Enemys/En4/sprite/hollow_4__32.uasset" 506
"../../../../Projects/CPEOP_4.23/Content/Texture/Enemys/En4/sprite/hollow_4__33.uasset" 507
"../../../../Projects/CPEOP_4.23/Content/Texture/Enemys/En4/sprite/hollow_4__34.uasset" 508
"../../../../Projects/CPEOP_4.23/Content/Texture/Enemys/En4/sprite/hollow_4__35.uasset" 509
"../../../../Projects/CPEOP_4.23/Content/Texture/Enemys/En4/sprite/hollow_4__36.uasset" 510
"../../../../Projects/CPEOP_4.23/Content/Texture/Enemys/En4/sprite/hollow_4__37.uasset" 511
"../../../../Projects/CPEOP_4.23/Content/Texture/Enemys/En4/sprite/hollow_4__38.uasset" 512
"../../../../Projects/CPEOP_4.23/Content/Texture/Enemys/En4/sprite/hollow_4__39.uasset" 513
"../../../../Projects/CPEOP_4.23/Content/Texture/Enemys/En4/sprite/hollow_4__4.uasset" 514
"../../../../Projects/CPEOP_4.23/Content/Texture/Enemys/En4/sprite/hollow_4__40.uasset" 515
"../../../../Projects/CPEOP_4.23/Content/Texture/Enemys/En4/sprite/hollow_4__41.uasset" 516
"../../../../Projects/CPEOP_4.23/Content/Texture/Enemys/En4/sprite/hollow_4__5.uasset" 517
"../../../../Projects/CPEOP_4.23/Content/Texture/Enemys/En4/sprite/hollow_4__6.uasset" 518
"../../../../Projects/CPEOP_4.23/Content/Texture/Enemys/En4/sprite/hollow_4__7.uasset" 519
"../../../../Projects/CPEOP_4.23/Content/Texture/Enemys/En4/sprite/hollow_4__8.uasset" 520
"../../../../Projects/CPEOP_4.23/Content/Texture/Enemys/En4/sprite/hollow_4__9.uasset" 521
"../../../../Projects/CPEOP_4.23/Content/Texture/Players/P1/Sprite/Ichigo_Attack__0.uasset" 522
"../../../../Projects/CPEOP_4.23/Content/Texture/Players/P1/Sprite/Ichigo_Attack__12.uasset" 523
"../../../../Projects/CPEOP_4.23/Content/Texture/Players/P1/Sprite/Ichigo_Attack__21.uasset" 524
"../../../../Projects/CPEOP_4.23/Content/Texture/Players/P1/Sprite/Ichigo_Attack__34.uasset" 525
"../../../../Projects/CPEOP_4.23/Content/Texture/Players/P1/Sprite/Ichigo_base__25.uasset" 526
"../../../../Projects/CPEOP_4.23/Content/Texture/Players/P1/Sprite/Ichigo_base__26.uasset" 527
"../../../../Projects/CPEOP_4.23/Content/Texture/Players/P1/Sprite/Ichigo_base__27.uasset" 528
"../../../../Projects/CPEOP_4.23/Content/Texture/Players/P1/Sprite/Ichigo_base__28.uasset" 529
"../../../../Projects/CPEOP_4.23/Content/Texture/Players/P1/Sprite/Ichigo_base__29.uasset" 530
"../../../../Projects/CPEOP_4.23/Content/Texture/Players/P1/Sprite/Ichigo_base__3.uasset" 531
"../../../../Projects/CPEOP_4.23/Content/Texture/Players/P1/Sprite/Ichigo_base__30.uasset" 532
"../../../../Projects/CPEOP_4.23/Content/Texture/Players/P1/Sprite/Ichigo_base__31.uasset" 533
"../../../../Projects/CPEOP_4.23/Content/Texture/Players/P1/Sprite/Ichigo_base__32.uasset" 534
"../../../../Projects/CPEOP_4.23/Content/Texture/Players/P1/Sprite/Ichigo_base__33.uasset" 535
"../../../../Projects/CPEOP_4.23/Content/Texture/Players/P1/Sprite/Ichigo_base__34.uasset" 536
"../../../../Projects/CPEOP_4.23/Content/Texture/Players/P1/Sprite/Ichigo_base__35.uasset" 537
"../../../../Projects/CPEOP_4.23/Content/Texture/Players/P1/Sprite/Ichigo_base__36.uasset" 538
"../../../../Projects/CPEOP_4.23/Content/Texture/Players/P1/Sprite/Ichigo_base__37.uasset" 539
"../../../../Projects/CPEOP_4.23/Content/Texture/Players/P1/Sprite/Ichigo_base__38.uasset" 540
"../../../../Projects/CPEOP_4.23/Content/Texture/Players/P1/Sprite/Ichigo_base__39.uasset" 541
"../../../../Projects/CPEOP_4.23/Content/Texture/Players/P1/Sprite/Ichigo_base__4.uasset" 542
"../../../../Projects/CPEOP_4.23/Content/Texture/Players/P1/Sprite/Ichigo_base__40.uasset" 543
"../../../../Projects/CPEOP_4.23/Content/Texture/Players/P1/Sprite/Ichigo_base__41.uasset" 544
"../../../../Projects/CPEOP_4.23/Content/Texture/Players/P1/Sprite/Ichigo_base__42.uasset" 545
"../../../../Projects/CPEOP_4.23/Content/Texture/Players/P1/Sprite/Ichigo_base__43.uasset" 546
"../../../../Projects/CPEOP_4.23/Content/Texture/Players/P1/Sprite/Ichigo_base__44.uasset" 547
"../../../../Projects/CPEOP_4.23/Content/Texture/Players/P1/Sprite/Ichigo_base__45.uasset" 548
"../../../../Projects/CPEOP_4.23/Content/Texture/Players/P1/Sprite/Ichigo_base__46.uasset" 549
"../../../../Projects/CPEOP_4.23/Content/Texture/Players/P1/Sprite/Ichigo_base__47.uasset" 550
"../../../../Projects/CPEOP_4.23/Content/Texture/Players/P1/Sprite/Ichigo_base__48.uasset" 551
"../../../../Projects/CPEOP_4.23/Content/Texture/Players/P1/Sprite/Ichigo_base__49.uasset" 552
"../../../../Projects/CPEOP_4.23/Content/Texture/Players/P1/Sprite/Ichigo_base__5.uasset" 553
"../../../../Projects/CPEOP_4.23/Content/Texture/Players/P1/Sprite/Ichigo_base__50.uasset" 554
"../../../../Projects/CPEOP_4.23/Content/Texture/Players/P1/Sprite/Ichigo_base__6.uasset" 555
"../../../../Projects/CPEOP_4.23/Content/Texture/Players/P1/Sprite/Ichigo_base__8.uasset" 556
"../../../../Projects/CPEOP_4.23/Content/Texture/Slashes/Enemys/Sprite/EnSlash07.uasset" 557
"../../../../Projects/CPEOP_4.23/Content/Texture/Slashes/Enemys/Sprite/EnSlash08.uasset" 558
"../../../../Projects/CPEOP_4.23/Content/Texture/Slashes/Enemys/FBook/EnSlash03.uasset" 559
"../../../../Projects/CPEOP_4.23/Content/Texture/Slashes/Heroes/Slash2.uasset" 560
"../../../../Projects/CPEOP_4.23/Content/Texture/Special/Sprite/1/SpecialEff_1__10.uasset" 561
"../../../../Projects/CPEOP_4.23/Content/Texture/Special/Sprite/1/SpecialEff_1__11.uasset" 562
"../../../../Projects/CPEOP_4.23/Content/Texture/Special/Sprite/1/SpecialEff_1__12.uasset" 563
"../../../../Projects/CPEOP_4.23/Content/Texture/Special/Sprite/1/SpecialEff_1__8.uasset" 564
"../../../../Projects/CPEOP_4.23/Content/Texture/Special/Sprite/1/SpecialEff_1__9.uasset" 565
"../../../../Projects/CPEOP_4.23/Content/Texture/UI/FV.uasset" 566
"../../../../Projects/CPEOP_4.23/Content/Texture/UI/TouchEff.uasset" 567
"../../../Engine/Content/Animation/DefaultAnimCurveCompressionSettings.uasset" 568
"../../../Engine/Content/ArtTools/RenderToTexture/Meshes/S_1_Unit_Plane.uasset" 569
"../../../Engine/Content/EngineMaterials/DefaultMaterial.uasset" 570
"../../../Engine/Content/BasicShapes/Cone.uasset" 571
"../../../Engine/Content/BasicShapes/Cylinder.uasset" 572
"../../../Engine/Content/BasicShapes/Sphere.uasset" 573
"../../../Engine/Content/EditorLandscapeResources/DataLayer.uasset" 574
"../../../Engine/Content/EditorMaterials/GizmoMaterial.uasset" 575
"../../../Engine/Content/EditorMaterials/MAT_Groups_Toggle.uasset" 576
"../../../Engine/Content/EditorMaterials/MAT_Groups_Visibility.uasset" 577
"../../../Engine/Content/EditorMaterials/PreviewShadowIndicator.uasset" 578
"../../../Engine/Content/EditorMaterials/PreviewShadowIndicatorMaterial.uasset" 579
"../../../Engine/Content/EditorMaterials/MatineeGroups/MAT_ColorTrack.uasset" 580
"../../../Engine/Content/EditorMaterials/MatineeGroups/MAT_Groups_Anim.uasset" 581
"../../../Engine/Content/EditorMaterials/MatineeGroups/MAT_Groups_AudioMaster.uasset" 582
"../../../Engine/Content/EditorMaterials/MatineeGroups/MAT_Groups_Director.uasset" 583
"../../../Engine/Content/EditorMaterials/MatineeGroups/MAT_Groups_Event.uasset" 584
"../../../Engine/Content/EditorMaterials/MatineeGroups/MAT_Groups_Fade.uasset" 585
"../../../Engine/Content/EditorMaterials/MatineeGroups/MAT_Groups_Float.uasset" 586
"../../../Engine/Content/EditorMaterials/MatineeGroups/MAT_Groups_Move.uasset" 587
"../../../Engine/Content/EditorMaterials/MatineeGroups/MAT_Groups_Slomo.uasset" 588
"../../../Engine/Content/EditorMaterials/MatineeGroups/MAT_Groups_Sound.uasset" 589
"../../../Engine/Content/EditorMaterials/MatineeGroups/MAT_Groups_Vector.uasset" 590
"../../../Engine/Content/EditorMaterials/ParticleSystems/PSysThumbnail_NoImage.uasset" 591
"../../../Engine/Content/EditorMaterials/ParticleSystems/PSysThumbnail_OOD.uasset" 592
"../../../Engine/Content/EditorMaterials/Camera/CineMat.uasset" 593
"../../../Engine/Content/EditorMaterials/Camera/MI_CineMat_Rig.uasset" 594
"../../../Engine/Content/EditorMeshes/Camera/SM_CraneRig_Arm.uasset" 595
"../../../Engine/Content/EditorMeshes/Camera/SM_CraneRig_Base.uasset" 596
"../../../Engine/Content/EditorMeshes/Camera/SM_CraneRig_Body.uasset" 597
"../../../Engine/Content/EditorMeshes/Camera/SM_CraneRig_Mount.uasset" 598
"../../../Engine/Content/EditorMeshes/Camera/SM_RailRig_Mount.uasset" 599
"../../../Engine/Content/EditorMeshes/Camera/SM_RailRig_Track.uasset" 600
"../../../Engine/Content/EditorResources/BSPVertex.uasset" 601
"../../../Engine/Content/EditorResources/EmptyActor.uasset" 602
"../../../Engine/Content/EditorResources/S_Actor.uasset" 603
"../../../Engine/Content/EditorResources/S_Note.uasset" 604
"../../../Engine/Content/EditorResources/S_Solver.uasset" 605
"../../../Engine/Content/EditorResources/S_Trigger.uasset" 606
"../../../Engine/Content/EditorResources/SequenceRecorder/Countdown.uasset" 607
"../../../Engine/Content/EditorResources/SequenceRecorder/RecordingIndicator.uasset" 608
"../../../Engine/Content/EditorSounds/Notifications/CompileFailed.uasset" 609
"../../../Engine/Content/EditorSounds/Notifications/CompileFailed_Cue.uasset" 610
"../../../Engine/Content/EditorSounds/Notifications/CompileSuccess.uasset" 611
"../../../Engine/Content/EditorSounds/Notifications/CompileStart_Cue.uasset" 612
"../../../Engine/Content/EditorSounds/Notifications/CompileSuccess_Cue.uasset" 613
"../../../Engine/Content/EngineDamageTypes/DmgTypeBP_Environmental.uasset" 614
"../../../Engine/Content/EngineDebugMaterials/HeatmapGradient.uasset" 615
"../../../Engine/Content/EngineDebugMaterials/BoneWeightMaterial.uasset" 616
"../../../Engine/Content/EngineDebugMaterials/ClothMaterial.uasset" 617
"../../../Engine/Content/EngineDebugMaterials/ClothMaterial_WF.uasset" 618
"../../../Engine/Content/EngineDebugMaterials/DebugEditorMaterial.uasset" 619
"../../../Engine/Content/EngineDebugMaterials/DebugMeshMaterial.uasset" 620
"../../../Engine/Content/EngineDebugMaterials/GeomMaterial.uasset" 621
"../../../Engine/Content/EngineDebugMaterials/M_SimpleTranslucent.uasset" 622
"../../../Engine/Content/Functions/Engine_MaterialFunctions02/Utility/CameraDirectionVector.uasset" 623
"../../../Engine/Content/EngineDebugMaterials/VolumeToRender.uasset" 624
"../../../Engine/Content/EngineDebugMaterials/M_VolumeRenderSphereTracePP.uasset" 625
"../../../Engine/Content/EngineDebugMaterials/WireframeMaterial.uasset" 626
"../../../Engine/Content/EngineFonts/Faces/RobotoBold.uasset" 627
"../../../Engine/Content/EngineFonts/Faces/RobotoBoldItalic.uasset" 628
"../../../Engine/Content/EngineFonts/Faces/RobotoItalic.uasset" 629
"../../../Engine/Content/EngineFonts/Faces/RobotoLight.uasset" 630
"../../../Engine/Content/EngineFonts/Faces/RobotoRegular.uasset" 631
"../../../Engine/Content/EngineFonts/Roboto.uasset" 632
"../../../Engine/Content/EngineMaterials/BaseFlattenDiffuseMap.uasset" 633
"../../../Engine/Content/EngineMaterials/BaseFlattenEmissiveMap.uasset" 634
"../../../Engine/Content/EngineMaterials/BaseFlattenGrayscaleMap.uasset" 635
"../../../Engine/Content/EngineMaterials/BaseFlattenNormalMap.uasset" 636
"../../../Engine/Content/EngineMaterials/BaseFlattenMaterial.uasset" 637
"../../../Engine/Content/EngineMaterials/BlueNoise.uasset" 638
"../../../Engine/Content/EngineMaterials/DefaultBloomKernel.uasset" 639
"../../../Engine/Content/EngineMaterials/DefaultBokeh.uasset" 640
"../../../Engine/Content/EngineMaterials/DefaultDiffuse.uasset" 641
"../../../Engine/Content/EngineMaterials/DefaultDeferredDecalMaterial.uasset" 642
"../../../Engine/Content/EngineMaterials/DefaultLightFunctionMaterial.uasset" 643
"../../../Engine/Content/EngineMaterials/DefaultPhysicalMaterial.uasset" 644
"../../../Engine/Content/Functions/Engine_MaterialFunctions02/Utility/BreakOutFloat2Components.uasset" 645
"../../../Engine/Content/EngineMaterials/DefaultPostProcessMaterial.uasset" 646
"../../../Engine/Content/EngineFonts/RobotoDistanceField.uasset" 647
"../../../Engine/Content/EngineMaterials/DefaultTextMaterialOpaque.uasset" 648
"../../../Engine/Content/EngineMaterials/DefaultVirtualTextureMaterial.uasset" 649
"../../../Engine/Content/EngineMaterials/DefaultWhiteGrid.uasset" 650
"../../../Engine/Content/EngineMaterials/EditorBrushMaterial.uasset" 651
"../../../Engine/Content/EngineMaterials/DefaultWhiteGrid_Low.uasset" 652
"../../../Engine/Content/EngineMaterials/EmissiveMeshMaterial.uasset" 653
"../../../Engine/Content/EngineMaterials/Good64x64TilingNoiseHighFreq.uasset" 654
"../../../Engine/Content/EngineMaterials/MiniFont.uasset" 655
"../../../Engine/Content/EngineMaterials/InvalidLightmapSettings.uasset" 656
"../../../Engine/Content/EngineMaterials/M_InvalidLightmapSettings.uasset" 657
"../../../Engine/Content/Functions/Engine_MaterialFunctions02/WorldPositionOffset/CameraOffset.uasset" 658
"../../../Engine/Content/EngineMaterials/PhAT_JointLimitMaterial.uasset" 659
"../../../Engine/Content/EngineMaterials/PreintegratedSkinBRDF.uasset" 660
"../../../Engine/Content/EngineMaterials/RemoveSurfaceMaterial.uasset" 661
"../../../Engine/Content/EngineMaterials/WeightMapPlaceholderTexture.uasset" 662
"../../../Engine/Content/EngineResources/WhiteSquareTexture.uasset" 663
"../../../Engine/Content/EngineMaterials/Widget3DPassThrough.uasset" 664
"../../../Engine/Content/EngineMaterials/Widget3DPassThrough_Masked.uasset" 665
"../../../Engine/Content/EngineMaterials/Widget3DPassThrough_Opaque.uasset" 666
"../../../Engine/Content/EngineMaterials/Widget3DPassThrough_Masked_OneSided.uasset" 667
"../../../Engine/Content/EngineMaterials/Widget3DPassThrough_Opaque_OneSided.uasset" 668
"../../../Engine/Content/EngineMaterials/Widget3DPassThrough_Translucent.uasset" 669
"../../../Engine/Content/EngineMaterials/Widget3DPassThrough_Translucent_OneSided.uasset" 670
"../../../Engine/Content/EngineMeshes/Cylinder.uasset" 671
"../../../Engine/Content/EngineMeshes/Sphere.uasset" 672
"../../../Engine/Content/EngineResources/Black.uasset" 673
"../../../Engine/Content/EngineResources/DefaultTexture.uasset" 674
"../../../Engine/Content/EngineResources/DefaultTextureCube.uasset" 675
"../../../Engine/Content/EngineResources/DefaultVolumeTexture2D.uasset" 676
"../../../Engine/Content/EngineResources/DefaultVolumeTexture.uasset" 677
"../../../Engine/Content/EngineResources/GradientTexture0.uasset" 678
"../../../Engine/Content/EngineSounds/Master.uasset" 679
"../../../Engine/Content/Functions/Engine_MaterialFunctions01/Shading/ConvertFromDiffSpec.uasset" 680
"../../../Engine/Content/Functions/Engine_MaterialFunctions01/Shading/PowerToRoughness.uasset" 681
"../../../Engine/Content/Maps/Templates/Thumbnails/Default.uasset" 682
"../../../Engine/Content/Maps/Templates/Thumbnails/VR-Basic.uasset" 683
"../../../Engine/Content/MobileResources/T_MobileControls_texture.uasset" 684
"../../../Engine/Content/MobileResources/T_MobileMenu2.uasset" 685
"../../../Engine/Content/MobileResources/HUD/AnalogHat.uasset" 686
"../../../Engine/Content/MobileResources/HUD/DefaultVirtualJoysticks.uasset" 687
"../../../Engine/Content/MobileResources/HUD/LeftVirtualJoystickOnly.uasset" 688
"../../../Engine/Content/MobileResources/HUD/MobileHUDButton1_off.uasset" 689
"../../../Engine/Content/MobileResources/HUD/MobileHUDButton1_on.uasset" 690
"../../../Engine/Content/MobileResources/HUD/MobileHUDButton2_off.uasset" 691
"../../../Engine/Content/MobileResources/HUD/MobileHUDButton2_on.uasset" 692
"../../../Engine/Content/MobileResources/HUD/MobileHUDButton3.uasset" 693
"../../../Engine/Content/MobileResources/HUD/MobileHUDButtonFire.uasset" 694
"../../../Engine/Content/MobileResources/HUD/MobileHUDDirectionPad.uasset" 695
"../../../Engine/Content/MobileResources/HUD/MobileHUDDirectionPad2.uasset" 696
"../../../Engine/Content/MobileResources/HUD/MobileHUDDirectionPad3.uasset" 697
"../../../Engine/Content/MobileResources/HUD/MobileHUDDirectionStick.uasset" 698
"../../../Engine/Content/MobileResources/HUD/T_Castle_ThumbstickInner.uasset" 699
"../../../Engine/Content/MobileResources/HUD/T_Castle_ThumbstickOutter.uasset" 700
"../../../Engine/Content/Tutorial/ContentIntroCurve.uasset" 701
"../../../Engine/Content/Tutorial/Basics/LevelEditorAttract.uasset" 702
"../../../Engine/Content/VREditor/LaserPointer/VR_LaserPower_01.uasset" 703
"../../../Engine/Content/VREditor/TransformGizmo/TransformGizmoMaterial.uasset" 704
"../../../Engine/Content/VREditor/TransformGizmo/TranslucentTransformGizmoMaterial.uasset" 705
"../../../Engine/Content/VREditor/TransformGizmo/BoundingBoxCorner.uasset" 706
"../../../Engine/Content/VREditor/TransformGizmo/BoundingBoxEdge.uasset" 707
"../../../Engine/Content/VREditor/TransformGizmo/PlaneTranslationHandle.uasset" 708
"../../../Engine/Content/VREditor/TransformGizmo/Main.uasset" 709
"../../../Engine/Content/VREditor/TransformGizmo/Xray.uasset" 710
"../../../Engine/Content/VREditor/TransformGizmo/SM_Sequencer_Key.uasset" 711
"../../../Engine/Content/VREditor/TransformGizmo/SM_Sequencer_Node.uasset" 712
"../../Plugins/2D/Paper2D/Content/DummySprite.uasset" 713
"../../Plugins/2D/Paper2D/Content/DefaultPaperTerrainMaterial.uasset" 714
"../../Plugins/2D/Paper2D/Content/MaskedUnlitSpriteMaterial.uasset" 715
"../../Plugins/2D/Paper2D/Content/OpaqueUnlitSpriteMaterial.uasset" 716
"../../Plugins/Runtime/Oculus/OculusVR/Content/OculusMR_RenderTarget.uasset" 717
"../../../Engine/Content/Functions/Engine_MaterialFunctions02/Utility/BreakOutFloat4Components.uasset" 718
"../../../Engine/Content/Functions/Engine_MaterialFunctions02/Utility/MakeFloat2.uasset" 719
"../../../Engine/Content/Functions/Engine_MaterialFunctions02/Utility/MakeFloat3.uasset" 720
"../../Plugins/Runtime/Oculus/OculusVR/Content/Materials/OculusMR_ChromaKey.uasset" 721
"../../Plugins/Runtime/Oculus/OculusVR/Content/Materials/OculusMR_ChromaKey_Lit.uasset" 722
"../../Plugins/Runtime/Oculus/OculusVR/Content/Materials/OculusMR_OpaqueColoredMaterial.uasset" 723
"../../Plugins/Runtime/Oculus/OculusVR/Content/Materials/OculusMR_WhiteMaterial.uasset" 724
"../../../../Projects/CPEOP_4.23/Content/BP/UI/Game/LoadingScreen.uasset" 725
"../../../../Projects/CPEOP_4.23/Content/BP/Character/PlayerSpawner.uasset" 726
"../../../Engine/Content/BasicShapes/Cube.uasset" 727
"../../../../Projects/CPEOP_4.23/Content/BP/LevelBP/Barrier.uasset" 728
"../../../../Projects/CPEOP_4.23/Content/Texture/Stage/01Forest.uasset" 729
"../../../../Projects/CPEOP_4.23/Content/Texture/Stage/Sprite/1/Forest__0.uasset" 730
"../../../../Projects/CPEOP_4.23/Content/Texture/Stage/Sprite/1/Forest__1.uasset" 731
"../../../../Projects/CPEOP_4.23/Content/Texture/Stage/Sprite/1/Forest__2.uasset" 732
"../../../../Projects/CPEOP_4.23/Content/Texture/Stage/Sprite/1/Forest__3.uasset" 733
"../../../../Projects/CPEOP_4.23/Content/BP/LevelBP/L1/Land1.uasset" 734
"../../../../Projects/CPEOP_4.23/Content/Level/Lv0.umap" 735
"../../../../Projects/CPEOP_4.23/Content/Texture/Stage/02HiganbanaNight.uasset" 736
"../../../../Projects/CPEOP_4.23/Content/Texture/Stage/Sprite/2/HiganbanaNight__1.uasset" 737
"../../../../Projects/CPEOP_4.23/Content/Texture/Stage/Sprite/2/HiganbanaNight_lv1_0.uasset" 738
"../../../../Projects/CPEOP_4.23/Content/Texture/Stage/Sprite/2/HiganbanaNight_lv1_1.uasset" 739
"../../../../Projects/CPEOP_4.23/Content/Texture/Stage/Sprite/2/HiganbanaNight_lv1_2.uasset" 740
"../../../../Projects/CPEOP_4.23/Content/Texture/Stage/Sprite/2/HiganbanaNight_lv1_3.uasset" 741
"../../../../Projects/CPEOP_4.23/Content/BP/LevelBP/L1/Land2.uasset" 742
"../../../../Projects/CPEOP_4.23/Content/Level/Lv1.umap" 743
"../../../../Projects/CPEOP_4.23/Content/Texture/UI/LoadImage_01.uasset" 744
"../../../../Projects/CPEOP_4.23/Content/Texture/UI/LoadImage_02.uasset" 745
"../../../../Projects/CPEOP_4.23/Content/BP/UI/Menu/StartGame.uasset" 746
"../../../../Projects/CPEOP_4.23/Content/BP/Bp_GameStart.uasset" 747
"../../../../Projects/CPEOP_4.23/Content/Level/MainPawn.uasset" 748
"../../../../Projects/CPEOP_4.23/Content/BP/System/MyGModeBase.uasset" 749
"../../../../Projects/CPEOP_4.23/Content/Level/LvMain.umap" 750
"../../../Engine/Content/Maps/Entry_BuiltData.uasset" 751
"../../../Engine/Content/Maps/Entry.umap" 752
